2022-06-26 15:44:15.463 INFO  [main StartupInfoLogger.java:55] logStarting - Starting KotlinApplicationKt using Java 1.8.0_271 on gnchoui-MacBookPro.local with PID 6513 (/Users/choquality/Desktop/git/kotlin/server-core/build/classes/kotlin/main started by choquality in /Users/choquality/Desktop/git/kotlin)
2022-06-26 15:44:15.472 DEBUG [main StartupInfoLogger.java:56] logStarting - Running with Spring Boot v2.7.0, Spring v5.3.20
2022-06-26 15:44:15.473 INFO  [main SpringApplication.java:640] logStartupProfileInfo - The following 1 profile is active: "dev"
2022-06-26 15:44:15.474 DEBUG [main SpringApplication.java:667] load - Loading source class com.example.kotlin.KotlinApplication
2022-06-26 15:44:15.569 DEBUG [main AbstractApplicationContext.java:629] prepareRefresh - Refreshing org.springframework.boot.web.servlet.context.AnnotationConfigServletWebServerApplicationContext@24f360b2
2022-06-26 15:44:15.609 DEBUG [main DefaultSingletonBeanRegistry.java:225] getSingleton - Creating shared instance of singleton bean 'org.springframework.context.annotation.internalConfigurationAnnotationProcessor'
2022-06-26 15:44:15.662 DEBUG [main DefaultSingletonBeanRegistry.java:225] getSingleton - Creating shared instance of singleton bean 'org.springframework.boot.autoconfigure.internalCachingMetadataReaderFactory'
2022-06-26 15:44:15.731 DEBUG [main ClassPathScanningCandidateComponentProvider.java:435] scanCandidateComponents - Identified candidate component class: file [/Users/choquality/Desktop/git/kotlin/server-security/build/classes/kotlin/main/com/example/kotlin/security/SecurityConfig.class]
2022-06-26 15:44:16.339 DEBUG [main DefaultSingletonBeanRegistry.java:225] getSingleton - Creating shared instance of singleton bean 'propertySourcesPlaceholderConfigurer'
2022-06-26 15:44:16.345 DEBUG [main DefaultSingletonBeanRegistry.java:225] getSingleton - Creating shared instance of singleton bean 'org.springframework.boot.sql.init.dependency.DatabaseInitializationDependencyConfigurer$DependsOnDatabaseInitializationPostProcessor'
2022-06-26 15:44:16.354 DEBUG [main DefaultSingletonBeanRegistry.java:225] getSingleton - Creating shared instance of singleton bean 'org.springframework.context.event.internalEventListenerProcessor'
2022-06-26 15:44:16.355 DEBUG [main DefaultSingletonBeanRegistry.java:225] getSingleton - Creating shared instance of singleton bean 'conversionServicePostProcessor'
2022-06-26 15:44:16.361 DEBUG [main DefaultSingletonBeanRegistry.java:225] getSingleton - Creating shared instance of singleton bean 'preserveErrorControllerTargetClassPostProcessor'
2022-06-26 15:44:16.362 DEBUG [main DefaultSingletonBeanRegistry.java:225] getSingleton - Creating shared instance of singleton bean 'forceAutoProxyCreatorToUseClassProxying'
2022-06-26 15:44:16.363 DEBUG [main DefaultSingletonBeanRegistry.java:225] getSingleton - Creating shared instance of singleton bean 'org.springframework.context.event.internalEventListenerFactory'
2022-06-26 15:44:16.376 DEBUG [main DefaultSingletonBeanRegistry.java:225] getSingleton - Creating shared instance of singleton bean 'org.springframework.context.annotation.internalAutowiredAnnotationProcessor'
2022-06-26 15:44:16.378 DEBUG [main DefaultSingletonBeanRegistry.java:225] getSingleton - Creating shared instance of singleton bean 'org.springframework.context.annotation.internalCommonAnnotationProcessor'
2022-06-26 15:44:16.385 DEBUG [main DefaultSingletonBeanRegistry.java:225] getSingleton - Creating shared instance of singleton bean 'org.springframework.boot.context.properties.ConfigurationPropertiesBindingPostProcessor'
2022-06-26 15:44:16.386 DEBUG [main DefaultSingletonBeanRegistry.java:225] getSingleton - Creating shared instance of singleton bean 'org.springframework.boot.context.internalConfigurationPropertiesBinder'
2022-06-26 15:44:16.386 DEBUG [main DefaultSingletonBeanRegistry.java:225] getSingleton - Creating shared instance of singleton bean 'org.springframework.boot.context.internalConfigurationPropertiesBinderFactory'
2022-06-26 15:44:16.389 DEBUG [main DefaultSingletonBeanRegistry.java:225] getSingleton - Creating shared instance of singleton bean 'annotationActionEndpointMapping'
2022-06-26 15:44:16.390 DEBUG [main DefaultSingletonBeanRegistry.java:225] getSingleton - Creating shared instance of singleton bean 'org.springframework.ws.config.annotation.DelegatingWsConfiguration'
2022-06-26 15:44:16.416 INFO  [main PostProcessorRegistrationDelegate.java:376] postProcessAfterInitialization - Bean 'org.springframework.ws.config.annotation.DelegatingWsConfiguration' of type [org.springframework.ws.config.annotation.DelegatingWsConfiguration$$EnhancerBySpringCGLIB$$6d0a8c4e] is not eligible for getting processed by all BeanPostProcessors (for example: not eligible for auto-proxying)
2022-06-26 15:44:16.460 INFO  [main AbstractAddressingEndpointMapping.java:239] afterPropertiesSet - Supporting [WS-Addressing August 2004, WS-Addressing 1.0]
2022-06-26 15:44:16.461 DEBUG [main DefaultSingletonBeanRegistry.java:225] getSingleton - Creating shared instance of singleton bean 'org.springframework.aop.config.internalAutoProxyCreator'
2022-06-26 15:44:16.476 DEBUG [main DefaultSingletonBeanRegistry.java:225] getSingleton - Creating shared instance of singleton bean 'webServerFactoryCustomizerBeanPostProcessor'
2022-06-26 15:44:16.477 DEBUG [main DefaultSingletonBeanRegistry.java:225] getSingleton - Creating shared instance of singleton bean 'errorPageRegistrarBeanPostProcessor'
2022-06-26 15:44:16.477 DEBUG [main DefaultSingletonBeanRegistry.java:225] getSingleton - Creating shared instance of singleton bean 'messageSource'
2022-06-26 15:44:16.478 DEBUG [main DefaultSingletonBeanRegistry.java:225] getSingleton - Creating shared instance of singleton bean 'org.springframework.boot.autoconfigure.context.MessageSourceAutoConfiguration'
2022-06-26 15:44:16.480 DEBUG [main DefaultSingletonBeanRegistry.java:225] getSingleton - Creating shared instance of singleton bean 'messageSourceProperties'
2022-06-26 15:44:16.482 DEBUG [main DefaultSingletonBeanRegistry.java:225] getSingleton - Creating shared instance of singleton bean 'org.springframework.boot.context.properties.BoundConfigurationProperties'
2022-06-26 15:44:16.498 DEBUG [main ConstructorResolver.java:808] createArgumentArray - Autowiring by type from bean name 'messageSource' via factory method to bean named 'messageSourceProperties'
2022-06-26 15:44:16.503 DEBUG [main UiApplicationContextUtils.java:85] initThemeSource - Unable to locate ThemeSource with name 'themeSource': using default [org.springframework.ui.context.support.ResourceBundleThemeSource@d5d5353]
2022-06-26 15:44:16.504 DEBUG [main DefaultSingletonBeanRegistry.java:225] getSingleton - Creating shared instance of singleton bean 'tomcatServletWebServerFactory'
2022-06-26 15:44:16.504 DEBUG [main DefaultSingletonBeanRegistry.java:225] getSingleton - Creating shared instance of singleton bean 'org.springframework.boot.autoconfigure.web.servlet.ServletWebServerFactoryConfiguration$EmbeddedTomcat'
2022-06-26 15:44:16.534 DEBUG [main DefaultSingletonBeanRegistry.java:225] getSingleton - Creating shared instance of singleton bean 'websocketServletWebServerCustomizer'
2022-06-26 15:44:16.535 DEBUG [main DefaultSingletonBeanRegistry.java:225] getSingleton - Creating shared instance of singleton bean 'org.springframework.boot.autoconfigure.websocket.servlet.WebSocketServletAutoConfiguration$TomcatWebSocketConfiguration'
2022-06-26 15:44:16.536 DEBUG [main DefaultSingletonBeanRegistry.java:225] getSingleton - Creating shared instance of singleton bean 'servletWebServerFactoryCustomizer'
2022-06-26 15:44:16.536 DEBUG [main DefaultSingletonBeanRegistry.java:225] getSingleton - Creating shared instance of singleton bean 'org.springframework.boot.autoconfigure.web.servlet.ServletWebServerFactoryAutoConfiguration'
2022-06-26 15:44:16.537 DEBUG [main DefaultSingletonBeanRegistry.java:225] getSingleton - Creating shared instance of singleton bean 'server-org.springframework.boot.autoconfigure.web.ServerProperties'
2022-06-26 15:44:16.549 DEBUG [main ConstructorResolver.java:808] createArgumentArray - Autowiring by type from bean name 'servletWebServerFactoryCustomizer' via factory method to bean named 'server-org.springframework.boot.autoconfigure.web.ServerProperties'
2022-06-26 15:44:16.550 DEBUG [main DefaultSingletonBeanRegistry.java:225] getSingleton - Creating shared instance of singleton bean 'tomcatServletWebServerFactoryCustomizer'
2022-06-26 15:44:16.551 DEBUG [main ConstructorResolver.java:808] createArgumentArray - Autowiring by type from bean name 'tomcatServletWebServerFactoryCustomizer' via factory method to bean named 'server-org.springframework.boot.autoconfigure.web.ServerProperties'
2022-06-26 15:44:16.551 DEBUG [main DefaultSingletonBeanRegistry.java:225] getSingleton - Creating shared instance of singleton bean 'tomcatWebServerFactoryCustomizer'
2022-06-26 15:44:16.551 DEBUG [main DefaultSingletonBeanRegistry.java:225] getSingleton - Creating shared instance of singleton bean 'org.springframework.boot.autoconfigure.web.embedded.EmbeddedWebServerFactoryCustomizerAutoConfiguration$TomcatWebServerFactoryCustomizerConfiguration'
2022-06-26 15:44:16.552 DEBUG [main ConstructorResolver.java:808] createArgumentArray - Autowiring by type from bean name 'tomcatWebServerFactoryCustomizer' via factory method to bean named 'environment'
2022-06-26 15:44:16.552 DEBUG [main ConstructorResolver.java:808] createArgumentArray - Autowiring by type from bean name 'tomcatWebServerFactoryCustomizer' via factory method to bean named 'server-org.springframework.boot.autoconfigure.web.ServerProperties'
2022-06-26 15:44:16.553 DEBUG [main DefaultSingletonBeanRegistry.java:225] getSingleton - Creating shared instance of singleton bean 'localeCharsetMappingsCustomizer'
2022-06-26 15:44:16.553 DEBUG [main DefaultSingletonBeanRegistry.java:225] getSingleton - Creating shared instance of singleton bean 'org.springframework.boot.autoconfigure.web.servlet.HttpEncodingAutoConfiguration'
2022-06-26 15:44:16.556 DEBUG [main ConstructorResolver.java:808] createArgumentArray - Autowiring by type from bean name 'org.springframework.boot.autoconfigure.web.servlet.HttpEncodingAutoConfiguration' via constructor to bean named 'server-org.springframework.boot.autoconfigure.web.ServerProperties'
2022-06-26 15:44:16.587 DEBUG [main DefaultSingletonBeanRegistry.java:225] getSingleton - Creating shared instance of singleton bean 'errorPageCustomizer'
2022-06-26 15:44:16.588 DEBUG [main DefaultSingletonBeanRegistry.java:225] getSingleton - Creating shared instance of singleton bean 'org.springframework.boot.autoconfigure.web.servlet.error.ErrorMvcAutoConfiguration'
2022-06-26 15:44:16.590 DEBUG [main ConstructorResolver.java:808] createArgumentArray - Autowiring by type from bean name 'org.springframework.boot.autoconfigure.web.servlet.error.ErrorMvcAutoConfiguration' via constructor to bean named 'server-org.springframework.boot.autoconfigure.web.ServerProperties'
2022-06-26 15:44:16.592 DEBUG [main DefaultSingletonBeanRegistry.java:225] getSingleton - Creating shared instance of singleton bean 'dispatcherServletRegistration'
2022-06-26 15:44:16.592 DEBUG [main DefaultSingletonBeanRegistry.java:225] getSingleton - Creating shared instance of singleton bean 'org.springframework.boot.autoconfigure.web.servlet.DispatcherServletAutoConfiguration$DispatcherServletRegistrationConfiguration'
2022-06-26 15:44:16.593 DEBUG [main DefaultSingletonBeanRegistry.java:225] getSingleton - Creating shared instance of singleton bean 'dispatcherServlet'
2022-06-26 15:44:16.593 DEBUG [main DefaultSingletonBeanRegistry.java:225] getSingleton - Creating shared instance of singleton bean 'org.springframework.boot.autoconfigure.web.servlet.DispatcherServletAutoConfiguration$DispatcherServletConfiguration'
2022-06-26 15:44:16.594 DEBUG [main DefaultSingletonBeanRegistry.java:225] getSingleton - Creating shared instance of singleton bean 'spring.mvc-org.springframework.boot.autoconfigure.web.servlet.WebMvcProperties'
2022-06-26 15:44:16.597 DEBUG [main ConstructorResolver.java:808] createArgumentArray - Autowiring by type from bean name 'dispatcherServlet' via factory method to bean named 'spring.mvc-org.springframework.boot.autoconfigure.web.servlet.WebMvcProperties'
2022-06-26 15:44:16.610 DEBUG [main ConstructorResolver.java:808] createArgumentArray - Autowiring by type from bean name 'dispatcherServletRegistration' via factory method to bean named 'dispatcherServlet'
2022-06-26 15:44:16.611 DEBUG [main ConstructorResolver.java:808] createArgumentArray - Autowiring by type from bean name 'dispatcherServletRegistration' via factory method to bean named 'spring.mvc-org.springframework.boot.autoconfigure.web.servlet.WebMvcProperties'
2022-06-26 15:44:16.612 DEBUG [main DefaultSingletonBeanRegistry.java:225] getSingleton - Creating shared instance of singleton bean 'multipartConfigElement'
2022-06-26 15:44:16.613 DEBUG [main DefaultSingletonBeanRegistry.java:225] getSingleton - Creating shared instance of singleton bean 'org.springframework.boot.autoconfigure.web.servlet.MultipartAutoConfiguration'
2022-06-26 15:44:16.613 DEBUG [main DefaultSingletonBeanRegistry.java:225] getSingleton - Creating shared instance of singleton bean 'spring.servlet.multipart-org.springframework.boot.autoconfigure.web.servlet.MultipartProperties'
2022-06-26 15:44:16.616 DEBUG [main ConstructorResolver.java:808] createArgumentArray - Autowiring by type from bean name 'org.springframework.boot.autoconfigure.web.servlet.MultipartAutoConfiguration' via constructor to bean named 'spring.servlet.multipart-org.springframework.boot.autoconfigure.web.servlet.MultipartProperties'
2022-06-26 15:44:16.622 DEBUG [main ConstructorResolver.java:808] createArgumentArray - Autowiring by type from bean name 'errorPageCustomizer' via factory method to bean named 'dispatcherServletRegistration'
2022-06-26 15:44:16.746 DEBUG [main DocumentRoot.java:81] getArchiveFileDocumentRoot - Code archive: /Users/choquality/.gradle/caches/modules-2/files-2.1/org.springframework.boot/spring-boot/2.7.0/df8bd106d6c6a6494b787b71d23cef6d2dc73703/spring-boot-2.7.0.jar
2022-06-26 15:44:16.747 DEBUG [main DocumentRoot.java:125] getExplodedWarFileDocumentRoot - Code archive: /Users/choquality/.gradle/caches/modules-2/files-2.1/org.springframework.boot/spring-boot/2.7.0/df8bd106d6c6a6494b787b71d23cef6d2dc73703/spring-boot-2.7.0.jar
2022-06-26 15:44:16.747 DEBUG [main DocumentRoot.java:149] logNoDocumentRoots - None of the document roots [src/main/webapp, public, static] point to a directory and will be ignored.
2022-06-26 15:44:16.770 INFO  [main TomcatWebServer.java:108] initialize - Tomcat initialized with port(s): 48081 (http)
2022-06-26 15:44:16.784 INFO  [main DirectJDKLog.java:173] log - Initializing ProtocolHandler ["http-nio-48081"]
2022-06-26 15:44:16.784 INFO  [main DirectJDKLog.java:173] log - Starting service [Tomcat]
2022-06-26 15:44:16.785 INFO  [main DirectJDKLog.java:173] log - Starting Servlet engine: [Apache Tomcat/9.0.63]
2022-06-26 15:44:16.933 INFO  [main DirectJDKLog.java:173] log - Initializing Spring embedded WebApplicationContext
2022-06-26 15:44:16.933 DEBUG [main ServletWebServerApplicationContext.java:286] prepareWebApplicationContext - Published root WebApplicationContext as ServletContext attribute with name [org.springframework.web.context.WebApplicationContext.ROOT]
2022-06-26 15:44:16.933 INFO  [main ServletWebServerApplicationContext.java:292] prepareWebApplicationContext - Root WebApplicationContext: initialization completed in 1364 ms
2022-06-26 15:44:16.935 DEBUG [main DefaultSingletonBeanRegistry.java:225] getSingleton - Creating shared instance of singleton bean 'errorPageSecurityFilter'
2022-06-26 15:44:16.935 DEBUG [main DefaultSingletonBeanRegistry.java:225] getSingleton - Creating shared instance of singleton bean 'org.springframework.boot.autoconfigure.security.servlet.SpringBootWebSecurityConfiguration$ErrorPageSecurityFilterConfiguration'
2022-06-26 15:44:16.935 DEBUG [main ConstructorResolver.java:808] createArgumentArray - Autowiring by type from bean name 'errorPageSecurityFilter' via factory method to bean named 'org.springframework.boot.web.servlet.context.AnnotationConfigServletWebServerApplicationContext@24f360b2'
2022-06-26 15:44:16.939 DEBUG [main DefaultSingletonBeanRegistry.java:225] getSingleton - Creating shared instance of singleton bean 'securityFilterChainRegistration'
2022-06-26 15:44:16.939 DEBUG [main DefaultSingletonBeanRegistry.java:225] getSingleton - Creating shared instance of singleton bean 'org.springframework.boot.autoconfigure.security.servlet.SecurityFilterAutoConfiguration'
2022-06-26 15:44:16.939 DEBUG [main DefaultSingletonBeanRegistry.java:225] getSingleton - Creating shared instance of singleton bean 'spring.security-org.springframework.boot.autoconfigure.security.SecurityProperties'
2022-06-26 15:44:16.941 DEBUG [main ConstructorResolver.java:808] createArgumentArray - Autowiring by type from bean name 'securityFilterChainRegistration' via factory method to bean named 'spring.security-org.springframework.boot.autoconfigure.security.SecurityProperties'
2022-06-26 15:44:16.942 DEBUG [main DefaultSingletonBeanRegistry.java:225] getSingleton - Creating shared instance of singleton bean 'messageDispatcherServlet'
2022-06-26 15:44:16.942 DEBUG [main DefaultSingletonBeanRegistry.java:225] getSingleton - Creating shared instance of singleton bean 'org.springframework.boot.autoconfigure.webservices.WebServicesAutoConfiguration'
2022-06-26 15:44:16.943 DEBUG [main DefaultSingletonBeanRegistry.java:225] getSingleton - Creating shared instance of singleton bean 'spring.webservices-org.springframework.boot.autoconfigure.webservices.WebServicesProperties'
2022-06-26 15:44:16.944 DEBUG [main ConstructorResolver.java:808] createArgumentArray - Autowiring by type from bean name 'messageDispatcherServlet' via factory method to bean named 'org.springframework.boot.web.servlet.context.AnnotationConfigServletWebServerApplicationContext@24f360b2'
2022-06-26 15:44:16.944 DEBUG [main ConstructorResolver.java:808] createArgumentArray - Autowiring by type from bean name 'messageDispatcherServlet' via factory method to bean named 'spring.webservices-org.springframework.boot.autoconfigure.webservices.WebServicesProperties'
2022-06-26 15:44:16.947 DEBUG [main DefaultSingletonBeanRegistry.java:225] getSingleton - Creating shared instance of singleton bean 'requestContextFilter'
2022-06-26 15:44:16.948 DEBUG [main DefaultSingletonBeanRegistry.java:225] getSingleton - Creating shared instance of singleton bean 'formContentFilter'
2022-06-26 15:44:16.948 DEBUG [main DefaultSingletonBeanRegistry.java:225] getSingleton - Creating shared instance of singleton bean 'org.springframework.boot.autoconfigure.web.servlet.WebMvcAutoConfiguration'
2022-06-26 15:44:16.960 DEBUG [main DefaultSingletonBeanRegistry.java:225] getSingleton - Creating shared instance of singleton bean 'characterEncodingFilter'
2022-06-26 15:44:16.966 DEBUG [main ServletContextInitializerBeans.java:236] logMappings - Mapping filters: springSecurityFilterChain urls=[/*] order=-100, filterRegistrationBean urls=[/*] order=2147483647, characterEncodingFilter urls=[/*] order=-2147483648, formContentFilter urls=[/*] order=-9900, requestContextFilter urls=[/*] order=-105
2022-06-26 15:44:16.966 DEBUG [main ServletContextInitializerBeans.java:236] logMappings - Mapping servlets: dispatcherServlet urls=[/], messageDispatcherServlet urls=[/services/*]
2022-06-26 15:44:16.984 DEBUG [main GenericFilterBean.java:242] init - Filter 'requestContextFilter' configured for use
2022-06-26 15:44:16.986 DEBUG [main GenericFilterBean.java:242] init - Filter 'characterEncodingFilter' configured for use
2022-06-26 15:44:16.988 DEBUG [main GenericFilterBean.java:242] init - Filter 'springSecurityFilterChain' configured for use
2022-06-26 15:44:16.989 DEBUG [main GenericFilterBean.java:242] init - Filter 'formContentFilter' configured for use
2022-06-26 15:44:17.004 DEBUG [main DefaultSingletonBeanRegistry.java:225] getSingleton - Creating shared instance of singleton bean 'kotlinApplication'
2022-06-26 15:44:17.006 DEBUG [main DefaultSingletonBeanRegistry.java:225] getSingleton - Creating shared instance of singleton bean 'securityConfig'
2022-06-26 15:44:17.007 DEBUG [main LocalVariableTableParameterNameDiscoverer.java:99] inspectClass - Cannot find '.class' file for class [class com.example.kotlin.security.SecurityConfig$$EnhancerBySpringCGLIB$$c3163488] - unable to determine constructor/method parameter names
2022-06-26 15:44:17.008 DEBUG [main DefaultSingletonBeanRegistry.java:225] getSingleton - Creating shared instance of singleton bean 'org.springframework.security.config.annotation.authentication.configuration.AuthenticationConfiguration'
2022-06-26 15:44:17.011 DEBUG [main DefaultSingletonBeanRegistry.java:225] getSingleton - Creating shared instance of singleton bean 'enableGlobalAuthenticationAutowiredConfigurer'
2022-06-26 15:44:17.012 DEBUG [main ConstructorResolver.java:808] createArgumentArray - Autowiring by type from bean name 'enableGlobalAuthenticationAutowiredConfigurer' via factory method to bean named 'org.springframework.boot.web.servlet.context.AnnotationConfigServletWebServerApplicationContext@24f360b2'
2022-06-26 15:44:17.013 DEBUG [main DefaultSingletonBeanRegistry.java:225] getSingleton - Creating shared instance of singleton bean 'initializeUserDetailsBeanManagerConfigurer'
2022-06-26 15:44:17.014 DEBUG [main ConstructorResolver.java:808] createArgumentArray - Autowiring by type from bean name 'initializeUserDetailsBeanManagerConfigurer' via factory method to bean named 'org.springframework.boot.web.servlet.context.AnnotationConfigServletWebServerApplicationContext@24f360b2'
2022-06-26 15:44:17.015 DEBUG [main DefaultSingletonBeanRegistry.java:225] getSingleton - Creating shared instance of singleton bean 'initializeAuthenticationProviderBeanManagerConfigurer'
2022-06-26 15:44:17.016 DEBUG [main ConstructorResolver.java:808] createArgumentArray - Autowiring by type from bean name 'initializeAuthenticationProviderBeanManagerConfigurer' via factory method to bean named 'org.springframework.boot.web.servlet.context.AnnotationConfigServletWebServerApplicationContext@24f360b2'
2022-06-26 15:44:17.021 DEBUG [main DefaultSingletonBeanRegistry.java:225] getSingleton - Creating shared instance of singleton bean 'objectPostProcessor'
2022-06-26 15:44:17.021 DEBUG [main DefaultSingletonBeanRegistry.java:225] getSingleton - Creating shared instance of singleton bean 'org.springframework.security.config.annotation.configuration.ObjectPostProcessorConfiguration'
2022-06-26 15:44:17.022 DEBUG [main ConstructorResolver.java:808] createArgumentArray - Autowiring by type from bean name 'objectPostProcessor' via factory method to bean named 'org.springframework.beans.factory.support.DefaultListableBeanFactory@3b582111'
2022-06-26 15:44:17.024 DEBUG [main ConstructorResolver.java:808] createArgumentArray - Autowiring by type from bean name 'securityConfig' via constructor to bean named 'org.springframework.security.config.annotation.authentication.configuration.AuthenticationConfiguration'
2022-06-26 15:44:17.026 DEBUG [main DefaultSingletonBeanRegistry.java:225] getSingleton - Creating shared instance of singleton bean 'authenticationManagerBuilder'
2022-06-26 15:44:17.026 DEBUG [main ConstructorResolver.java:808] createArgumentArray - Autowiring by type from bean name 'authenticationManagerBuilder' via factory method to bean named 'objectPostProcessor'
2022-06-26 15:44:17.026 DEBUG [main ConstructorResolver.java:808] createArgumentArray - Autowiring by type from bean name 'authenticationManagerBuilder' via factory method to bean named 'org.springframework.boot.web.servlet.context.AnnotationConfigServletWebServerApplicationContext@24f360b2'
2022-06-26 15:44:17.028 DEBUG [main DefaultSingletonBeanRegistry.java:225] getSingleton - Creating shared instance of singleton bean 'authenticationEventPublisher'
2022-06-26 15:44:17.029 DEBUG [main DefaultSingletonBeanRegistry.java:225] getSingleton - Creating shared instance of singleton bean 'org.springframework.boot.autoconfigure.security.servlet.SecurityAutoConfiguration'
2022-06-26 15:44:17.029 DEBUG [main ConstructorResolver.java:808] createArgumentArray - Autowiring by type from bean name 'authenticationEventPublisher' via factory method to bean named 'org.springframework.boot.web.servlet.context.AnnotationConfigServletWebServerApplicationContext@24f360b2'
2022-06-26 15:44:17.053 DEBUG [main DefaultSingletonBeanRegistry.java:225] getSingleton - Creating shared instance of singleton bean 'org.springframework.security.config.annotation.web.configuration.WebSecurityConfiguration'
2022-06-26 15:44:17.091 DEBUG [main DefaultSingletonBeanRegistry.java:225] getSingleton - Creating shared instance of singleton bean 'webAuthSecurityFilterChain'
2022-06-26 15:44:17.101 DEBUG [main DefaultSingletonBeanRegistry.java:225] getSingleton - Creating shared instance of singleton bean 'org.springframework.security.config.annotation.web.configuration.HttpSecurityConfiguration'
2022-06-26 15:44:17.112 DEBUG [main AuthenticationManagerBuilder.java:225] performBuild - No authenticationProviders and no parentAuthenticationManager defined. Returning null.
2022-06-26 15:44:17.119 DEBUG [main ProxyFactoryBean.java:588] adviceChanged - Advice has changed; re-caching singleton instance
2022-06-26 15:44:17.163 DEBUG [main DefaultSingletonBeanRegistry.java:225] getSingleton - Creating shared instance of singleton bean 'requestMatcherAuthorizationManager'
2022-06-26 15:44:21.603 DEBUG [main ConstructorResolver.java:808] createArgumentArray - Autowiring by type from bean name 'webAuthSecurityFilterChain' via factory method to bean named 'org.springframework.security.config.annotation.web.configuration.HttpSecurityConfiguration.httpSecurity'
2022-06-26 15:44:21.604 DEBUG [main ConstructorResolver.java:808] createArgumentArray - Autowiring by type from bean name 'webAuthSecurityFilterChain' via factory method to bean named 'requestMatcherAuthorizationManager'
2022-06-26 15:44:21.637 INFO  [main DefaultSecurityFilterChain.java:55] <init> - Will secure any request with [org.springframework.security.web.session.DisableEncodeUrlFilter@d611f1c, org.springframework.security.web.context.request.async.WebAsyncManagerIntegrationFilter@4f2d014a, org.springframework.security.web.context.SecurityContextPersistenceFilter@27e2287c, org.springframework.security.web.header.HeaderWriterFilter@67d32a54, org.springframework.security.web.csrf.CsrfFilter@34be065a, org.springframework.security.web.authentication.logout.LogoutFilter@750a04ec, org.springframework.security.web.savedrequest.RequestCacheAwareFilter@2cd388f5, org.springframework.security.web.servletapi.SecurityContextHolderAwareRequestFilter@4f169009, org.springframework.security.web.authentication.AnonymousAuthenticationFilter@51fc862e, org.springframework.security.web.session.SessionManagementFilter@6f5bd362, org.springframework.security.web.access.ExceptionTranslationFilter@202ae86f, org.springframework.security.web.access.intercept.AuthorizationFilter@30db5536]
2022-06-26 15:44:21.638 DEBUG [main DefaultSingletonBeanRegistry.java:225] getSingleton - Creating shared instance of singleton bean 'delegatingApplicationListener'
2022-06-26 15:44:21.638 DEBUG [main DefaultSingletonBeanRegistry.java:225] getSingleton - Creating shared instance of singleton bean 'springSecurityFilterChain'
2022-06-26 15:44:21.646 DEBUG [main DefaultSingletonBeanRegistry.java:225] getSingleton - Creating shared instance of singleton bean 'webSecurityExpressionHandler'
2022-06-26 15:44:21.648 DEBUG [main DefaultSingletonBeanRegistry.java:225] getSingleton - Creating shared instance of singleton bean 'privilegeEvaluator'
2022-06-26 15:44:21.648 DEBUG [main DefaultSingletonBeanRegistry.java:225] getSingleton - Creating shared instance of singleton bean 'org.springframework.security.config.annotation.web.configuration.WebMvcSecurityConfiguration'
2022-06-26 15:44:21.648 DEBUG [main DefaultSingletonBeanRegistry.java:225] getSingleton - Creating shared instance of singleton bean 'requestDataValueProcessor'
2022-06-26 15:44:21.649 DEBUG [main DefaultSingletonBeanRegistry.java:225] getSingleton - Creating shared instance of singleton bean 'authenticationManager'
2022-06-26 15:44:21.650 DEBUG [main DefaultSingletonBeanRegistry.java:225] getSingleton - Creating shared instance of singleton bean 'org.springframework.boot.autoconfigure.AutoConfigurationPackages'
2022-06-26 15:44:21.651 DEBUG [main DefaultSingletonBeanRegistry.java:225] getSingleton - Creating shared instance of singleton bean 'org.springframework.boot.context.properties.EnableConfigurationPropertiesRegistrar.methodValidationExcludeFilter'
2022-06-26 15:44:21.651 DEBUG [main DefaultSingletonBeanRegistry.java:225] getSingleton - Creating shared instance of singleton bean 'org.springframework.boot.autoconfigure.context.PropertyPlaceholderAutoConfiguration'
2022-06-26 15:44:21.652 DEBUG [main DefaultSingletonBeanRegistry.java:225] getSingleton - Creating shared instance of singleton bean 'org.springframework.boot.autoconfigure.websocket.servlet.WebSocketServletAutoConfiguration'
2022-06-26 15:44:21.652 DEBUG [main DefaultSingletonBeanRegistry.java:225] getSingleton - Creating shared instance of singleton bean 'org.springframework.boot.autoconfigure.web.servlet.DispatcherServletAutoConfiguration'
2022-06-26 15:44:21.652 DEBUG [main DefaultSingletonBeanRegistry.java:225] getSingleton - Creating shared instance of singleton bean 'org.springframework.boot.autoconfigure.task.TaskExecutionAutoConfiguration'
2022-06-26 15:44:21.652 DEBUG [main DefaultSingletonBeanRegistry.java:225] getSingleton - Creating shared instance of singleton bean 'taskExecutorBuilder'
2022-06-26 15:44:21.653 DEBUG [main DefaultSingletonBeanRegistry.java:225] getSingleton - Creating shared instance of singleton bean 'spring.task.execution-org.springframework.boot.autoconfigure.task.TaskExecutionProperties'
2022-06-26 15:44:21.655 DEBUG [main ConstructorResolver.java:808] createArgumentArray - Autowiring by type from bean name 'taskExecutorBuilder' via factory method to bean named 'spring.task.execution-org.springframework.boot.autoconfigure.task.TaskExecutionProperties'
2022-06-26 15:44:21.656 DEBUG [main DefaultSingletonBeanRegistry.java:225] getSingleton - Creating shared instance of singleton bean 'org.springframework.boot.autoconfigure.web.servlet.error.ErrorMvcAutoConfiguration$WhitelabelErrorViewConfiguration'
2022-06-26 15:44:21.657 DEBUG [main DefaultSingletonBeanRegistry.java:225] getSingleton - Creating shared instance of singleton bean 'error'
2022-06-26 15:44:21.657 DEBUG [main DefaultSingletonBeanRegistry.java:225] getSingleton - Creating shared instance of singleton bean 'beanNameViewResolver'
2022-06-26 15:44:21.658 DEBUG [main DefaultSingletonBeanRegistry.java:225] getSingleton - Creating shared instance of singleton bean 'org.springframework.boot.autoconfigure.web.servlet.error.ErrorMvcAutoConfiguration$DefaultErrorViewResolverConfiguration'
2022-06-26 15:44:21.658 DEBUG [main DefaultSingletonBeanRegistry.java:225] getSingleton - Creating shared instance of singleton bean 'spring.web-org.springframework.boot.autoconfigure.web.WebProperties'
2022-06-26 15:44:21.660 DEBUG [main ConstructorResolver.java:808] createArgumentArray - Autowiring by type from bean name 'org.springframework.boot.autoconfigure.web.servlet.error.ErrorMvcAutoConfiguration$DefaultErrorViewResolverConfiguration' via constructor to bean named 'org.springframework.boot.web.servlet.context.AnnotationConfigServletWebServerApplicationContext@24f360b2'
2022-06-26 15:44:21.661 DEBUG [main ConstructorResolver.java:808] createArgumentArray - Autowiring by type from bean name 'org.springframework.boot.autoconfigure.web.servlet.error.ErrorMvcAutoConfiguration$DefaultErrorViewResolverConfiguration' via constructor to bean named 'spring.web-org.springframework.boot.autoconfigure.web.WebProperties'
2022-06-26 15:44:21.661 DEBUG [main DefaultSingletonBeanRegistry.java:225] getSingleton - Creating shared instance of singleton bean 'conventionErrorViewResolver'
2022-06-26 15:44:21.662 DEBUG [main DefaultSingletonBeanRegistry.java:225] getSingleton - Creating shared instance of singleton bean 'errorAttributes'
2022-06-26 15:44:21.665 DEBUG [main DefaultSingletonBeanRegistry.java:225] getSingleton - Creating shared instance of singleton bean 'basicErrorController'
2022-06-26 15:44:21.665 DEBUG [main ConstructorResolver.java:808] createArgumentArray - Autowiring by type from bean name 'basicErrorController' via factory method to bean named 'errorAttributes'
2022-06-26 15:44:21.668 DEBUG [main DefaultSingletonBeanRegistry.java:225] getSingleton - Creating shared instance of singleton bean 'org.springframework.boot.autoconfigure.web.servlet.WebMvcAutoConfiguration$EnableWebMvcConfiguration'
2022-06-26 15:44:21.670 DEBUG [main ConstructorResolver.java:808] createArgumentArray - Autowiring by type from bean name 'org.springframework.boot.autoconfigure.web.servlet.WebMvcAutoConfiguration$EnableWebMvcConfiguration' via constructor to bean named 'spring.mvc-org.springframework.boot.autoconfigure.web.servlet.WebMvcProperties'
2022-06-26 15:44:21.670 DEBUG [main ConstructorResolver.java:808] createArgumentArray - Autowiring by type from bean name 'org.springframework.boot.autoconfigure.web.servlet.WebMvcAutoConfiguration$EnableWebMvcConfiguration' via constructor to bean named 'spring.web-org.springframework.boot.autoconfigure.web.WebProperties'
2022-06-26 15:44:21.671 DEBUG [main ConstructorResolver.java:808] createArgumentArray - Autowiring by type from bean name 'org.springframework.boot.autoconfigure.web.servlet.WebMvcAutoConfiguration$EnableWebMvcConfiguration' via constructor to bean named 'org.springframework.beans.factory.support.DefaultListableBeanFactory@3b582111'
2022-06-26 15:44:21.680 DEBUG [main DefaultSingletonBeanRegistry.java:225] getSingleton - Creating shared instance of singleton bean 'org.springframework.boot.autoconfigure.web.servlet.WebMvcAutoConfiguration$WebMvcAutoConfigurationAdapter'
2022-06-26 15:44:21.681 DEBUG [main ConstructorResolver.java:808] createArgumentArray - Autowiring by type from bean name 'org.springframework.boot.autoconfigure.web.servlet.WebMvcAutoConfiguration$WebMvcAutoConfigurationAdapter' via constructor to bean named 'spring.web-org.springframework.boot.autoconfigure.web.WebProperties'
2022-06-26 15:44:21.681 DEBUG [main ConstructorResolver.java:808] createArgumentArray - Autowiring by type from bean name 'org.springframework.boot.autoconfigure.web.servlet.WebMvcAutoConfiguration$WebMvcAutoConfigurationAdapter' via constructor to bean named 'spring.mvc-org.springframework.boot.autoconfigure.web.servlet.WebMvcProperties'
2022-06-26 15:44:21.681 DEBUG [main ConstructorResolver.java:808] createArgumentArray - Autowiring by type from bean name 'org.springframework.boot.autoconfigure.web.servlet.WebMvcAutoConfiguration$WebMvcAutoConfigurationAdapter' via constructor to bean named 'org.springframework.beans.factory.support.DefaultListableBeanFactory@3b582111'
2022-06-26 15:44:21.683 DEBUG [main DefaultSingletonBeanRegistry.java:225] getSingleton - Creating shared instance of singleton bean 'requestMappingHandlerAdapter'
2022-06-26 15:44:21.688 DEBUG [main DefaultSingletonBeanRegistry.java:225] getSingleton - Creating shared instance of singleton bean 'mvcContentNegotiationManager'
2022-06-26 15:44:21.695 DEBUG [main DefaultSingletonBeanRegistry.java:225] getSingleton - Creating shared instance of singleton bean 'mvcConversionService'
2022-06-26 15:44:21.700 DEBUG [main DefaultSingletonBeanRegistry.java:225] getSingleton - Creating shared instance of singleton bean 'mvcValidator'
2022-06-26 15:44:21.703 DEBUG [main ConstructorResolver.java:808] createArgumentArray - Autowiring by type from bean name 'requestMappingHandlerAdapter' via factory method to bean named 'mvcContentNegotiationManager'
2022-06-26 15:44:21.704 DEBUG [main ConstructorResolver.java:808] createArgumentArray - Autowiring by type from bean name 'requestMappingHandlerAdapter' via factory method to bean named 'mvcConversionService'
2022-06-26 15:44:21.704 DEBUG [main ConstructorResolver.java:808] createArgumentArray - Autowiring by type from bean name 'requestMappingHandlerAdapter' via factory method to bean named 'mvcValidator'
2022-06-26 15:44:21.705 DEBUG [main ConstructorResolver.java:808] createArgumentArray - Autowiring by type from bean name 'requestMappingHandlerAdapter' via factory method to bean named 'mvcContentNegotiationManager'
2022-06-26 15:44:21.706 DEBUG [main ConstructorResolver.java:808] createArgumentArray - Autowiring by type from bean name 'requestMappingHandlerAdapter' via factory method to bean named 'mvcConversionService'
2022-06-26 15:44:21.706 DEBUG [main ConstructorResolver.java:808] createArgumentArray - Autowiring by type from bean name 'requestMappingHandlerAdapter' via factory method to bean named 'mvcValidator'
2022-06-26 15:44:21.716 DEBUG [main DefaultSingletonBeanRegistry.java:225] getSingleton - Creating shared instance of singleton bean 'messageConverters'
2022-06-26 15:44:21.717 DEBUG [main DefaultSingletonBeanRegistry.java:225] getSingleton - Creating shared instance of singleton bean 'org.springframework.boot.autoconfigure.http.HttpMessageConvertersAutoConfiguration'
2022-06-26 15:44:21.723 DEBUG [main DefaultSingletonBeanRegistry.java:225] getSingleton - Creating shared instance of singleton bean 'stringHttpMessageConverter'
2022-06-26 15:44:21.723 DEBUG [main DefaultSingletonBeanRegistry.java:225] getSingleton - Creating shared instance of singleton bean 'org.springframework.boot.autoconfigure.http.HttpMessageConvertersAutoConfiguration$StringHttpMessageConverterConfiguration'
2022-06-26 15:44:21.724 DEBUG [main ConstructorResolver.java:808] createArgumentArray - Autowiring by type from bean name 'stringHttpMessageConverter' via factory method to bean named 'environment'
2022-06-26 15:44:21.731 DEBUG [main DefaultSingletonBeanRegistry.java:225] getSingleton - Creating shared instance of singleton bean 'mappingJackson2HttpMessageConverter'
2022-06-26 15:44:21.732 DEBUG [main DefaultSingletonBeanRegistry.java:225] getSingleton - Creating shared instance of singleton bean 'org.springframework.boot.autoconfigure.http.JacksonHttpMessageConvertersConfiguration$MappingJackson2HttpMessageConverterConfiguration'
2022-06-26 15:44:21.732 DEBUG [main DefaultSingletonBeanRegistry.java:225] getSingleton - Creating shared instance of singleton bean 'jacksonObjectMapper'
2022-06-26 15:44:21.732 DEBUG [main DefaultSingletonBeanRegistry.java:225] getSingleton - Creating shared instance of singleton bean 'org.springframework.boot.autoconfigure.jackson.JacksonAutoConfiguration$JacksonObjectMapperConfiguration'
2022-06-26 15:44:21.733 DEBUG [main DefaultSingletonBeanRegistry.java:225] getSingleton - Creating shared instance of singleton bean 'org.springframework.boot.autoconfigure.jackson.JacksonAutoConfiguration$JacksonObjectMapperBuilderConfiguration'
2022-06-26 15:44:21.734 DEBUG [main DefaultSingletonBeanRegistry.java:225] getSingleton - Creating shared instance of singleton bean 'standardJacksonObjectMapperBuilderCustomizer'
2022-06-26 15:44:21.734 DEBUG [main DefaultSingletonBeanRegistry.java:225] getSingleton - Creating shared instance of singleton bean 'org.springframework.boot.autoconfigure.jackson.JacksonAutoConfiguration$Jackson2ObjectMapperBuilderCustomizerConfiguration'
2022-06-26 15:44:21.735 DEBUG [main DefaultSingletonBeanRegistry.java:225] getSingleton - Creating shared instance of singleton bean 'spring.jackson-org.springframework.boot.autoconfigure.jackson.JacksonProperties'
2022-06-26 15:44:21.738 DEBUG [main ConstructorResolver.java:808] createArgumentArray - Autowiring by type from bean name 'standardJacksonObjectMapperBuilderCustomizer' via factory method to bean named 'org.springframework.boot.web.servlet.context.AnnotationConfigServletWebServerApplicationContext@24f360b2'
2022-06-26 15:44:21.738 DEBUG [main ConstructorResolver.java:808] createArgumentArray - Autowiring by type from bean name 'standardJacksonObjectMapperBuilderCustomizer' via factory method to bean named 'spring.jackson-org.springframework.boot.autoconfigure.jackson.JacksonProperties'
2022-06-26 15:44:21.739 DEBUG [main ConstructorResolver.java:808] createArgumentArray - Autowiring by type from bean name 'jacksonObjectMapperBuilder' via factory method to bean named 'org.springframework.boot.web.servlet.context.AnnotationConfigServletWebServerApplicationContext@24f360b2'
2022-06-26 15:44:21.739 DEBUG [main ConstructorResolver.java:808] createArgumentArray - Autowiring by type from bean name 'jacksonObjectMapperBuilder' via factory method to bean named 'standardJacksonObjectMapperBuilderCustomizer'
2022-06-26 15:44:21.740 DEBUG [main DefaultSingletonBeanRegistry.java:225] getSingleton - Creating shared instance of singleton bean 'parameterNamesModule'
2022-06-26 15:44:21.741 DEBUG [main DefaultSingletonBeanRegistry.java:225] getSingleton - Creating shared instance of singleton bean 'org.springframework.boot.autoconfigure.jackson.JacksonAutoConfiguration$ParameterNamesModuleConfiguration'
2022-06-26 15:44:21.745 DEBUG [main DefaultSingletonBeanRegistry.java:225] getSingleton - Creating shared instance of singleton bean 'jsonComponentModule'
2022-06-26 15:44:21.746 DEBUG [main DefaultSingletonBeanRegistry.java:225] getSingleton - Creating shared instance of singleton bean 'org.springframework.boot.autoconfigure.jackson.JacksonAutoConfiguration'
2022-06-26 15:44:21.749 DEBUG [main DefaultSingletonBeanRegistry.java:225] getSingleton - Creating shared instance of singleton bean 'jsonMixinModule'
2022-06-26 15:44:21.749 DEBUG [main ConstructorResolver.java:808] createArgumentArray - Autowiring by type from bean name 'jsonMixinModule' via factory method to bean named 'org.springframework.boot.web.servlet.context.AnnotationConfigServletWebServerApplicationContext@24f360b2'
2022-06-26 15:44:21.750 DEBUG [main AutoConfigurationPackages.java:196] get - @EnableAutoConfiguration was declared on a class in the package 'com.example.kotlin'. Automatic @Repository and @Entity scanning is enabled.
2022-06-26 15:44:21.755 DEBUG [main ConstructorResolver.java:808] createArgumentArray - Autowiring by type from bean name 'jacksonObjectMapper' via factory method to bean named 'jacksonObjectMapperBuilder'
2022-06-26 15:44:21.774 DEBUG [main ConstructorResolver.java:808] createArgumentArray - Autowiring by type from bean name 'mappingJackson2HttpMessageConverter' via factory method to bean named 'jacksonObjectMapper'
2022-06-26 15:44:21.783 DEBUG [main DefaultSingletonBeanRegistry.java:225] getSingleton - Creating shared instance of singleton bean 'applicationTaskExecutor'
2022-06-26 15:44:21.783 DEBUG [main ConstructorResolver.java:808] createArgumentArray - Autowiring by type from bean name 'applicationTaskExecutor' via factory method to bean named 'taskExecutorBuilder'
2022-06-26 15:44:21.787 DEBUG [main ExecutorConfigurationSupport.java:181] initialize - Initializing ExecutorService 'applicationTaskExecutor'
2022-06-26 15:44:21.797 DEBUG [main RequestMappingHandlerAdapter.java:625] initControllerAdviceCache - ControllerAdvice beans: 0 @ModelAttribute, 0 @InitBinder, 1 RequestBodyAdvice, 1 ResponseBodyAdvice
2022-06-26 15:44:21.814 DEBUG [main DefaultSingletonBeanRegistry.java:225] getSingleton - Creating shared instance of singleton bean 'welcomePageHandlerMapping'
2022-06-26 15:44:21.815 DEBUG [main DefaultSingletonBeanRegistry.java:225] getSingleton - Creating shared instance of singleton bean 'mvcResourceUrlProvider'
2022-06-26 15:44:21.818 DEBUG [main ConstructorResolver.java:808] createArgumentArray - Autowiring by type from bean name 'welcomePageHandlerMapping' via factory method to bean named 'org.springframework.boot.web.servlet.context.AnnotationConfigServletWebServerApplicationContext@24f360b2'
2022-06-26 15:44:21.818 DEBUG [main ConstructorResolver.java:808] createArgumentArray - Autowiring by type from bean name 'welcomePageHandlerMapping' via factory method to bean named 'mvcConversionService'
2022-06-26 15:44:21.819 DEBUG [main ConstructorResolver.java:808] createArgumentArray - Autowiring by type from bean name 'welcomePageHandlerMapping' via factory method to bean named 'mvcResourceUrlProvider'
2022-06-26 15:44:21.820 INFO  [main WelcomePageHandlerMapping.java:53] <init> - Adding welcome page: class path resource [static/index.html]
2022-06-26 15:44:21.826 DEBUG [main DefaultSingletonBeanRegistry.java:225] getSingleton - Creating shared instance of singleton bean 'localeResolver'
2022-06-26 15:44:21.827 DEBUG [main DefaultSingletonBeanRegistry.java:225] getSingleton - Creating shared instance of singleton bean 'themeResolver'
2022-06-26 15:44:21.828 DEBUG [main DefaultSingletonBeanRegistry.java:225] getSingleton - Creating shared instance of singleton bean 'flashMapManager'
2022-06-26 15:44:21.830 DEBUG [main DefaultSingletonBeanRegistry.java:225] getSingleton - Creating shared instance of singleton bean 'requestMappingHandlerMapping'
2022-06-26 15:44:21.831 DEBUG [main ConstructorResolver.java:808] createArgumentArray - Autowiring by type from bean name 'requestMappingHandlerMapping' via factory method to bean named 'mvcContentNegotiationManager'
2022-06-26 15:44:21.831 DEBUG [main ConstructorResolver.java:808] createArgumentArray - Autowiring by type from bean name 'requestMappingHandlerMapping' via factory method to bean named 'mvcConversionService'
2022-06-26 15:44:21.831 DEBUG [main ConstructorResolver.java:808] createArgumentArray - Autowiring by type from bean name 'requestMappingHandlerMapping' via factory method to bean named 'mvcResourceUrlProvider'
2022-06-26 15:44:21.851 DEBUG [main PropertySourcesPropertyResolver.java:115] logKeyFound - Found key 'server.error.path' in PropertySource 'environmentProperties' with value of type String
2022-06-26 15:44:21.853 DEBUG [main PropertySourcesPropertyResolver.java:115] logKeyFound - Found key 'server.error.path' in PropertySource 'environmentProperties' with value of type String
2022-06-26 15:44:21.855 DEBUG [main AbstractHandlerMethodMapping.java:295] detectHandlerMethods - 
	o.s.b.a.w.s.e.BasicErrorController:
	{ [/error], produces [text/html]}: errorHtml(HttpServletRequest,HttpServletResponse)
	{ [/error]}: error(HttpServletRequest)
2022-06-26 15:44:21.858 DEBUG [main AbstractHandlerMethodMapping.java:367] handlerMethodsInitialized - 2 mappings in 'requestMappingHandlerMapping'
2022-06-26 15:44:21.859 DEBUG [main DefaultSingletonBeanRegistry.java:225] getSingleton - Creating shared instance of singleton bean 'mvcPatternParser'
2022-06-26 15:44:21.859 DEBUG [main DefaultSingletonBeanRegistry.java:225] getSingleton - Creating shared instance of singleton bean 'mvcUrlPathHelper'
2022-06-26 15:44:21.860 DEBUG [main DefaultSingletonBeanRegistry.java:225] getSingleton - Creating shared instance of singleton bean 'mvcPathMatcher'
2022-06-26 15:44:21.860 DEBUG [main DefaultSingletonBeanRegistry.java:225] getSingleton - Creating shared instance of singleton bean 'viewControllerHandlerMapping'
2022-06-26 15:44:21.860 DEBUG [main ConstructorResolver.java:808] createArgumentArray - Autowiring by type from bean name 'viewControllerHandlerMapping' via factory method to bean named 'mvcConversionService'
2022-06-26 15:44:21.861 DEBUG [main ConstructorResolver.java:808] createArgumentArray - Autowiring by type from bean name 'viewControllerHandlerMapping' via factory method to bean named 'mvcResourceUrlProvider'
2022-06-26 15:44:21.861 DEBUG [main DefaultSingletonBeanRegistry.java:225] getSingleton - Creating shared instance of singleton bean 'beanNameHandlerMapping'
2022-06-26 15:44:21.861 DEBUG [main ConstructorResolver.java:808] createArgumentArray - Autowiring by type from bean name 'beanNameHandlerMapping' via factory method to bean named 'mvcConversionService'
2022-06-26 15:44:21.861 DEBUG [main ConstructorResolver.java:808] createArgumentArray - Autowiring by type from bean name 'beanNameHandlerMapping' via factory method to bean named 'mvcResourceUrlProvider'
2022-06-26 15:44:21.863 DEBUG [main AbstractDetectingUrlHandlerMapping.java:86] detectHandlers - 'beanNameHandlerMapping' {}
2022-06-26 15:44:21.863 DEBUG [main DefaultSingletonBeanRegistry.java:225] getSingleton - Creating shared instance of singleton bean 'routerFunctionMapping'
2022-06-26 15:44:21.863 DEBUG [main ConstructorResolver.java:808] createArgumentArray - Autowiring by type from bean name 'routerFunctionMapping' via factory method to bean named 'mvcConversionService'
2022-06-26 15:44:21.863 DEBUG [main ConstructorResolver.java:808] createArgumentArray - Autowiring by type from bean name 'routerFunctionMapping' via factory method to bean named 'mvcResourceUrlProvider'
2022-06-26 15:44:21.866 DEBUG [main DefaultSingletonBeanRegistry.java:225] getSingleton - Creating shared instance of singleton bean 'resourceHandlerMapping'
2022-06-26 15:44:21.866 DEBUG [main ConstructorResolver.java:808] createArgumentArray - Autowiring by type from bean name 'resourceHandlerMapping' via factory method to bean named 'mvcContentNegotiationManager'
2022-06-26 15:44:21.867 DEBUG [main ConstructorResolver.java:808] createArgumentArray - Autowiring by type from bean name 'resourceHandlerMapping' via factory method to bean named 'mvcConversionService'
2022-06-26 15:44:21.867 DEBUG [main ConstructorResolver.java:808] createArgumentArray - Autowiring by type from bean name 'resourceHandlerMapping' via factory method to bean named 'mvcResourceUrlProvider'
2022-06-26 15:44:21.875 DEBUG [main SimpleUrlHandlerMapping.java:177] logMappings - 'resourceHandlerMapping' {/webjars/**=ResourceHttpRequestHandler [classpath [META-INF/resources/webjars/]], /**=ResourceHttpRequestHandler [classpath [META-INF/resources/], classpath [resources/], classpath [static/], classpath [public/], ServletContext [/]]}
2022-06-26 15:44:21.875 DEBUG [main DefaultSingletonBeanRegistry.java:225] getSingleton - Creating shared instance of singleton bean 'defaultServletHandlerMapping'
2022-06-26 15:44:21.875 DEBUG [main DefaultSingletonBeanRegistry.java:225] getSingleton - Creating shared instance of singleton bean 'handlerFunctionAdapter'
2022-06-26 15:44:21.876 DEBUG [main DefaultSingletonBeanRegistry.java:225] getSingleton - Creating shared instance of singleton bean 'mvcUriComponentsContributor'
2022-06-26 15:44:21.877 DEBUG [main ConstructorResolver.java:808] createArgumentArray - Autowiring by type from bean name 'mvcUriComponentsContributor' via factory method to bean named 'mvcConversionService'
2022-06-26 15:44:21.877 DEBUG [main ConstructorResolver.java:808] createArgumentArray - Autowiring by type from bean name 'mvcUriComponentsContributor' via factory method to bean named 'requestMappingHandlerAdapter'
2022-06-26 15:44:21.879 DEBUG [main DefaultSingletonBeanRegistry.java:225] getSingleton - Creating shared instance of singleton bean 'httpRequestHandlerAdapter'
2022-06-26 15:44:21.880 DEBUG [main DefaultSingletonBeanRegistry.java:225] getSingleton - Creating shared instance of singleton bean 'simpleControllerHandlerAdapter'
2022-06-26 15:44:21.880 DEBUG [main DefaultSingletonBeanRegistry.java:225] getSingleton - Creating shared instance of singleton bean 'handlerExceptionResolver'
2022-06-26 15:44:21.880 DEBUG [main ConstructorResolver.java:808] createArgumentArray - Autowiring by type from bean name 'handlerExceptionResolver' via factory method to bean named 'mvcContentNegotiationManager'
2022-06-26 15:44:21.884 DEBUG [main ExceptionHandlerExceptionResolver.java:307] initExceptionHandlerAdviceCache - ControllerAdvice beans: 0 @ExceptionHandler, 1 ResponseBodyAdvice
2022-06-26 15:44:21.887 DEBUG [main DefaultSingletonBeanRegistry.java:225] getSingleton - Creating shared instance of singleton bean 'mvcViewResolver'
2022-06-26 15:44:21.887 DEBUG [main ConstructorResolver.java:808] createArgumentArray - Autowiring by type from bean name 'mvcViewResolver' via factory method to bean named 'mvcContentNegotiationManager'
2022-06-26 15:44:21.888 DEBUG [main DefaultSingletonBeanRegistry.java:225] getSingleton - Creating shared instance of singleton bean 'viewNameTranslator'
2022-06-26 15:44:21.889 DEBUG [main DefaultSingletonBeanRegistry.java:225] getSingleton - Creating shared instance of singleton bean 'defaultViewResolver'
2022-06-26 15:44:21.893 DEBUG [main DefaultSingletonBeanRegistry.java:225] getSingleton - Creating shared instance of singleton bean 'viewResolver'
2022-06-26 15:44:21.893 DEBUG [main ConstructorResolver.java:808] createArgumentArray - Autowiring by type from bean name 'viewResolver' via factory method to bean named 'org.springframework.beans.factory.support.DefaultListableBeanFactory@3b582111'
2022-06-26 15:44:21.894 DEBUG [main DefaultSingletonBeanRegistry.java:225] getSingleton - Creating shared instance of singleton bean 'viewResolver'
2022-06-26 15:44:21.895 DEBUG [main DefaultSingletonBeanRegistry.java:225] getSingleton - Creating shared instance of singleton bean 'thymeleafViewResolver'
2022-06-26 15:44:21.895 DEBUG [main DefaultSingletonBeanRegistry.java:225] getSingleton - Creating shared instance of singleton bean 'org.springframework.boot.autoconfigure.thymeleaf.ThymeleafAutoConfiguration$ThymeleafWebMvcConfiguration$ThymeleafViewResolverConfiguration'
2022-06-26 15:44:21.896 DEBUG [main DefaultSingletonBeanRegistry.java:225] getSingleton - Creating shared instance of singleton bean 'spring.thymeleaf-org.springframework.boot.autoconfigure.thymeleaf.ThymeleafProperties'
2022-06-26 15:44:21.898 DEBUG [main DefaultSingletonBeanRegistry.java:225] getSingleton - Creating shared instance of singleton bean 'templateEngine'
2022-06-26 15:44:21.899 DEBUG [main DefaultSingletonBeanRegistry.java:225] getSingleton - Creating shared instance of singleton bean 'org.springframework.boot.autoconfigure.thymeleaf.TemplateEngineConfigurations$DefaultTemplateEngineConfiguration'
2022-06-26 15:44:21.899 DEBUG [main ConstructorResolver.java:808] createArgumentArray - Autowiring by type from bean name 'templateEngine' via factory method to bean named 'spring.thymeleaf-org.springframework.boot.autoconfigure.thymeleaf.ThymeleafProperties'
2022-06-26 15:44:21.913 DEBUG [main DefaultSingletonBeanRegistry.java:225] getSingleton - Creating shared instance of singleton bean 'defaultTemplateResolver'
2022-06-26 15:44:21.913 DEBUG [main DefaultSingletonBeanRegistry.java:225] getSingleton - Creating shared instance of singleton bean 'org.springframework.boot.autoconfigure.thymeleaf.ThymeleafAutoConfiguration$DefaultTemplateResolverConfiguration'
2022-06-26 15:44:21.914 DEBUG [main ConstructorResolver.java:808] createArgumentArray - Autowiring by type from bean name 'org.springframework.boot.autoconfigure.thymeleaf.ThymeleafAutoConfiguration$DefaultTemplateResolverConfiguration' via constructor to bean named 'spring.thymeleaf-org.springframework.boot.autoconfigure.thymeleaf.ThymeleafProperties'
2022-06-26 15:44:21.914 DEBUG [main ConstructorResolver.java:808] createArgumentArray - Autowiring by type from bean name 'org.springframework.boot.autoconfigure.thymeleaf.ThymeleafAutoConfiguration$DefaultTemplateResolverConfiguration' via constructor to bean named 'org.springframework.boot.web.servlet.context.AnnotationConfigServletWebServerApplicationContext@24f360b2'
2022-06-26 15:44:21.915 WARN  [main ThymeleafAutoConfiguration.java:103] checkTemplateLocationExists - Cannot find template location: classpath:/templates/ (please add some templates or check your Thymeleaf configuration)
2022-06-26 15:44:21.918 DEBUG [main DefaultSingletonBeanRegistry.java:225] getSingleton - Creating shared instance of singleton bean 'java8TimeDialect'
2022-06-26 15:44:21.919 DEBUG [main DefaultSingletonBeanRegistry.java:225] getSingleton - Creating shared instance of singleton bean 'org.springframework.boot.autoconfigure.thymeleaf.ThymeleafAutoConfiguration$ThymeleafJava8TimeDialect'
2022-06-26 15:44:21.920 DEBUG [main DefaultSingletonBeanRegistry.java:225] getSingleton - Creating shared instance of singleton bean 'securityDialect'
2022-06-26 15:44:21.920 DEBUG [main DefaultSingletonBeanRegistry.java:225] getSingleton - Creating shared instance of singleton bean 'org.springframework.boot.autoconfigure.thymeleaf.ThymeleafAutoConfiguration$ThymeleafSecurityDialectConfiguration'
2022-06-26 15:44:21.925 DEBUG [main ConstructorResolver.java:808] createArgumentArray - Autowiring by type from bean name 'thymeleafViewResolver' via factory method to bean named 'spring.thymeleaf-org.springframework.boot.autoconfigure.thymeleaf.ThymeleafProperties'
2022-06-26 15:44:21.926 DEBUG [main ConstructorResolver.java:808] createArgumentArray - Autowiring by type from bean name 'thymeleafViewResolver' via factory method to bean named 'templateEngine'
2022-06-26 15:44:21.929 DEBUG [main DefaultSingletonBeanRegistry.java:225] getSingleton - Creating shared instance of singleton bean 'org.springframework.boot.autoconfigure.jmx.JmxAutoConfiguration'
2022-06-26 15:44:21.930 DEBUG [main DefaultSingletonBeanRegistry.java:225] getSingleton - Creating shared instance of singleton bean 'spring.jmx-org.springframework.boot.autoconfigure.jmx.JmxProperties'
2022-06-26 15:44:21.932 DEBUG [main ConstructorResolver.java:808] createArgumentArray - Autowiring by type from bean name 'org.springframework.boot.autoconfigure.jmx.JmxAutoConfiguration' via constructor to bean named 'spring.jmx-org.springframework.boot.autoconfigure.jmx.JmxProperties'
2022-06-26 15:44:21.934 DEBUG [main DefaultSingletonBeanRegistry.java:225] getSingleton - Creating shared instance of singleton bean 'mbeanExporter'
2022-06-26 15:44:21.936 DEBUG [main DefaultSingletonBeanRegistry.java:225] getSingleton - Creating shared instance of singleton bean 'objectNamingStrategy'
2022-06-26 15:44:21.940 DEBUG [main ConstructorResolver.java:808] createArgumentArray - Autowiring by type from bean name 'mbeanExporter' via factory method to bean named 'objectNamingStrategy'
2022-06-26 15:44:21.941 DEBUG [main ConstructorResolver.java:808] createArgumentArray - Autowiring by type from bean name 'mbeanExporter' via factory method to bean named 'org.springframework.beans.factory.support.DefaultListableBeanFactory@3b582111'
2022-06-26 15:44:21.947 DEBUG [main DefaultSingletonBeanRegistry.java:225] getSingleton - Creating shared instance of singleton bean 'mbeanServer'
2022-06-26 15:44:21.955 DEBUG [main JmxUtils.java:127] locateMBeanServer - Found MBeanServer: com.sun.jmx.mbeanserver.JmxMBeanServer@224aed64
2022-06-26 15:44:21.970 DEBUG [main DefaultSingletonBeanRegistry.java:225] getSingleton - Creating shared instance of singleton bean 'org.springframework.boot.autoconfigure.admin.SpringApplicationAdminJmxAutoConfiguration'
2022-06-26 15:44:21.971 DEBUG [main DefaultSingletonBeanRegistry.java:225] getSingleton - Creating shared instance of singleton bean 'springApplicationAdminRegistrar'
2022-06-26 15:44:21.974 DEBUG [main ConstructorResolver.java:808] createArgumentArray - Autowiring by type from bean name 'springApplicationAdminRegistrar' via factory method to bean named 'environment'
2022-06-26 15:44:21.980 DEBUG [main SpringApplicationAdminMXBeanRegistrar.java:131] afterPropertiesSet - Application Admin MBean registered with name 'org.springframework.boot:type=Admin,name=SpringApplication'
2022-06-26 15:44:21.981 DEBUG [main DefaultSingletonBeanRegistry.java:225] getSingleton - Creating shared instance of singleton bean 'org.springframework.boot.autoconfigure.aop.AopAutoConfiguration$ClassProxyingConfiguration'
2022-06-26 15:44:21.982 DEBUG [main DefaultSingletonBeanRegistry.java:225] getSingleton - Creating shared instance of singleton bean 'org.springframework.boot.autoconfigure.aop.AopAutoConfiguration'
2022-06-26 15:44:21.983 DEBUG [main DefaultSingletonBeanRegistry.java:225] getSingleton - Creating shared instance of singleton bean 'org.springframework.boot.autoconfigure.availability.ApplicationAvailabilityAutoConfiguration'
2022-06-26 15:44:21.984 DEBUG [main DefaultSingletonBeanRegistry.java:225] getSingleton - Creating shared instance of singleton bean 'applicationAvailability'
2022-06-26 15:44:21.992 DEBUG [main DefaultSingletonBeanRegistry.java:225] getSingleton - Creating shared instance of singleton bean 'org.springframework.boot.autoconfigure.context.ConfigurationPropertiesAutoConfiguration'
2022-06-26 15:44:21.993 DEBUG [main DefaultSingletonBeanRegistry.java:225] getSingleton - Creating shared instance of singleton bean 'org.springframework.boot.autoconfigure.context.LifecycleAutoConfiguration'
2022-06-26 15:44:21.994 DEBUG [main DefaultSingletonBeanRegistry.java:225] getSingleton - Creating shared instance of singleton bean 'lifecycleProcessor'
2022-06-26 15:44:21.996 DEBUG [main DefaultSingletonBeanRegistry.java:225] getSingleton - Creating shared instance of singleton bean 'spring.lifecycle-org.springframework.boot.autoconfigure.context.LifecycleProperties'
2022-06-26 15:44:21.999 DEBUG [main ConstructorResolver.java:808] createArgumentArray - Autowiring by type from bean name 'lifecycleProcessor' via factory method to bean named 'spring.lifecycle-org.springframework.boot.autoconfigure.context.LifecycleProperties'
2022-06-26 15:44:22.001 DEBUG [main DefaultSingletonBeanRegistry.java:225] getSingleton - Creating shared instance of singleton bean 'org.springframework.boot.autoconfigure.http.JacksonHttpMessageConvertersConfiguration'
2022-06-26 15:44:22.003 DEBUG [main DefaultSingletonBeanRegistry.java:225] getSingleton - Creating shared instance of singleton bean 'org.springframework.boot.autoconfigure.info.ProjectInfoAutoConfiguration'
2022-06-26 15:44:22.010 DEBUG [main DefaultSingletonBeanRegistry.java:225] getSingleton - Creating shared instance of singleton bean 'spring.info-org.springframework.boot.autoconfigure.info.ProjectInfoProperties'
2022-06-26 15:44:22.013 DEBUG [main ConstructorResolver.java:808] createArgumentArray - Autowiring by type from bean name 'org.springframework.boot.autoconfigure.info.ProjectInfoAutoConfiguration' via constructor to bean named 'spring.info-org.springframework.boot.autoconfigure.info.ProjectInfoProperties'
2022-06-26 15:44:22.014 DEBUG [main DefaultSingletonBeanRegistry.java:225] getSingleton - Creating shared instance of singleton bean 'org.springframework.boot.autoconfigure.security.servlet.SpringBootWebSecurityConfiguration'
2022-06-26 15:44:22.015 DEBUG [main DefaultSingletonBeanRegistry.java:225] getSingleton - Creating shared instance of singleton bean 'org.springframework.boot.autoconfigure.sql.init.SqlInitializationAutoConfiguration'
2022-06-26 15:44:22.016 DEBUG [main DefaultSingletonBeanRegistry.java:225] getSingleton - Creating shared instance of singleton bean 'spring.sql.init-org.springframework.boot.autoconfigure.sql.init.SqlInitializationProperties'
2022-06-26 15:44:22.022 DEBUG [main DefaultSingletonBeanRegistry.java:225] getSingleton - Creating shared instance of singleton bean 'org.springframework.boot.autoconfigure.task.TaskSchedulingAutoConfiguration'
2022-06-26 15:44:22.026 DEBUG [main DefaultSingletonBeanRegistry.java:225] getSingleton - Creating shared instance of singleton bean 'scheduledBeanLazyInitializationExcludeFilter'
2022-06-26 15:44:22.029 DEBUG [main DefaultSingletonBeanRegistry.java:225] getSingleton - Creating shared instance of singleton bean 'taskSchedulerBuilder'
2022-06-26 15:44:22.033 DEBUG [main DefaultSingletonBeanRegistry.java:225] getSingleton - Creating shared instance of singleton bean 'spring.task.scheduling-org.springframework.boot.autoconfigure.task.TaskSchedulingProperties'
2022-06-26 15:44:22.035 DEBUG [main ConstructorResolver.java:808] createArgumentArray - Autowiring by type from bean name 'taskSchedulerBuilder' via factory method to bean named 'spring.task.scheduling-org.springframework.boot.autoconfigure.task.TaskSchedulingProperties'
2022-06-26 15:44:22.037 DEBUG [main DefaultSingletonBeanRegistry.java:225] getSingleton - Creating shared instance of singleton bean 'org.springframework.boot.autoconfigure.thymeleaf.ThymeleafAutoConfiguration$ThymeleafWebMvcConfiguration'
2022-06-26 15:44:22.040 DEBUG [main DefaultSingletonBeanRegistry.java:225] getSingleton - Creating shared instance of singleton bean 'org.springframework.boot.autoconfigure.thymeleaf.ThymeleafAutoConfiguration'
2022-06-26 15:44:22.040 DEBUG [main DefaultSingletonBeanRegistry.java:225] getSingleton - Creating shared instance of singleton bean 'org.springframework.boot.autoconfigure.web.client.RestTemplateAutoConfiguration'
2022-06-26 15:44:22.041 DEBUG [main DefaultSingletonBeanRegistry.java:225] getSingleton - Creating shared instance of singleton bean 'org.springframework.boot.autoconfigure.web.embedded.EmbeddedWebServerFactoryCustomizerAutoConfiguration'
2022-06-26 15:44:22.041 DEBUG [main DefaultSingletonBeanRegistry.java:225] getSingleton - Creating shared instance of singleton bean 'multipartResolver'
2022-06-26 15:44:22.043 DEBUG [main DefaultSingletonBeanRegistry.java:225] getSingleton - Creating shared instance of singleton bean 'payloadRootAnnotationMethodEndpointMapping'
2022-06-26 15:44:22.047 DEBUG [main AbstractAnnotationMethodEndpointMapping.java:61] initApplicationContext - Looking for endpoints in application context: org.springframework.boot.web.servlet.context.AnnotationConfigServletWebServerApplicationContext@24f360b2, started on Sun Jun 26 15:44:15 KST 2022
2022-06-26 15:44:22.050 DEBUG [main DefaultSingletonBeanRegistry.java:225] getSingleton - Creating shared instance of singleton bean 'soapActionAnnotationMethodEndpointMapping'
2022-06-26 15:44:22.052 DEBUG [main AbstractAnnotationMethodEndpointMapping.java:61] initApplicationContext - Looking for endpoints in application context: org.springframework.boot.web.servlet.context.AnnotationConfigServletWebServerApplicationContext@24f360b2, started on Sun Jun 26 15:44:15 KST 2022
2022-06-26 15:44:22.054 DEBUG [main DefaultSingletonBeanRegistry.java:225] getSingleton - Creating shared instance of singleton bean 'defaultMethodEndpointAdapter'
2022-06-26 15:44:22.072 DEBUG [main DefaultMethodEndpointAdapter.java:183] initMethodArgumentResolvers - No MethodArgumentResolvers set, using defaults: [org.springframework.ws.server.endpoint.adapter.method.dom.DomPayloadMethodProcessor@30bbcf91, org.springframework.ws.server.endpoint.adapter.method.MessageContextMethodArgumentResolver@3ca14cf4, org.springframework.ws.server.endpoint.adapter.method.SourcePayloadMethodProcessor@1f4f0fcc, org.springframework.ws.server.endpoint.adapter.method.XPathParamMethodArgumentResolver@46c10083, org.springframework.ws.soap.server.endpoint.adapter.method.SoapMethodArgumentResolver@28e8888d, org.springframework.ws.soap.server.endpoint.adapter.method.SoapHeaderElementMethodArgumentResolver@1e98b788, org.springframework.ws.server.endpoint.adapter.method.jaxb.XmlRootElementPayloadMethodProcessor@794eeaf8, org.springframework.ws.server.endpoint.adapter.method.jaxb.JaxbElementPayloadMethodProcessor@37c5284a, org.springframework.ws.server.endpoint.adapter.method.StaxPayloadMethodArgumentResolver@5b8572df]
2022-06-26 15:44:22.073 DEBUG [main DefaultMethodEndpointAdapter.java:226] initMethodReturnValueHandlers - No MethodReturnValueHandlers set, using defaults: [org.springframework.ws.server.endpoint.adapter.method.dom.DomPayloadMethodProcessor@7aaad0, org.springframework.ws.server.endpoint.adapter.method.SourcePayloadMethodProcessor@eed890d, org.springframework.ws.server.endpoint.adapter.method.jaxb.XmlRootElementPayloadMethodProcessor@10f477e2, org.springframework.ws.server.endpoint.adapter.method.jaxb.JaxbElementPayloadMethodProcessor@6097fca9]
2022-06-26 15:44:22.074 DEBUG [main DefaultSingletonBeanRegistry.java:225] getSingleton - Creating shared instance of singleton bean 'soapFaultAnnotationExceptionResolver'
2022-06-26 15:44:22.075 DEBUG [main DefaultSingletonBeanRegistry.java:225] getSingleton - Creating shared instance of singleton bean 'simpleSoapExceptionResolver'
2022-06-26 15:44:22.076 DEBUG [main DefaultSingletonBeanRegistry.java:225] getSingleton - Creating shared instance of singleton bean 'org.springframework.boot.autoconfigure.webservices.WebServicesAutoConfiguration$WsConfiguration'
2022-06-26 15:44:22.076 DEBUG [main DefaultSingletonBeanRegistry.java:225] getSingleton - Creating shared instance of singleton bean 'org.springframework.boot.autoconfigure.webservices.client.WebServiceTemplateAutoConfiguration'
2022-06-26 15:44:22.077 DEBUG [main DefaultSingletonBeanRegistry.java:225] getSingleton - Creating shared instance of singleton bean 'webServiceTemplateBuilder'
